1510327657870	geckodriver	INFO	geckodriver 0.19.1
1510327657959	geckodriver	INFO	Listening on 127.0.0.1:49253
1510327662057	mozrunner::runner	INFO	Running command: "/Applications/Firefox.app/Contents/MacOS/firefox-bin" "-marionette" "-profile" "/var/folders/l7/y316t0g52jqchnlxmg_8pkp40000gn/T/rust_mozprofile.otpSwTkdweHe"
1510327662449	addons.xpi	WARN	Error parsing extensions state: [Exception... "Component returned failure code: 0x80520012 (NS_ERROR_FILE_NOT_FOUND) [amIAddonManagerStartup.readStartupData]"  nsresult: "0x80520012 (NS_ERROR_FILE_NOT_FOUND)"  location: "JS frame :: resource://gre/modules/addons/XPIProvider.jsm :: loadExtensionState :: line 1554"  data: no] Stack trace: loadExtensionState()@resource://gre/modules/addons/XPIProvider.jsm:1554 < getInstallState()@resource://gre/modules/addons/XPIProvider.jsm:1589 < checkForChanges()@resource://gre/modules/addons/XPIProvider.jsm:3109 < startup()@resource://gre/modules/addons/XPIProvider.jsm:2188 < callProvider()@resource://gre/modules/AddonManager.jsm:269 < _startProvider()@resource://gre/modules/AddonManager.jsm:739 < startup()@resource://gre/modules/AddonManager.jsm:906 < startup()@resource://gre/modules/AddonManager.jsm:3090 < observe()@jar:file:///Applications/Firefox.app/Contents/Resources/omni.ja!/components/addonManager.js:65
1510327662885	Marionette	INFO	Enabled via --marionette
2017-11-10 23:27:44.224 plugin-container[17538:32437482] *** CFMessagePort: bootstrap_register(): failed 1100 (0x44c) 'Permission denied', port = 0xa23b, name = 'com.apple.tsm.portname'
See /usr/include/servers/bootstrap_defs.h for the error codes.
2017-11-10 23:27:44.226 plugin-container[17538:32437482] *** CFMessagePort: bootstrap_register(): failed 1100 (0x44c) 'Permission denied', port = 0xa603, name = 'com.apple.CFPasteboardClient'
See /usr/include/servers/bootstrap_defs.h for the error codes.
1510327664706	Marionette	INFO	Listening on port 49270
1510327664815	Marionette	WARN	TLS certificate errors will be ignored for this session
1510327664861	Marionette	DEBUG	Register listener.js for window 2147483649
1510327664883	Marionette	DEBUG	Received DOM event "beforeunload" for "about:blank"
1510327665736	Marionette	DEBUG	Received DOM event "pagehide" for "about:blank"
1510327665736	Marionette	DEBUG	Received DOM event "unload" for "about:blank"
1510327667143	Marionette	DEBUG	Received DOM event "DOMContentLoaded" for "https://xui.ptlogin2.qq.com/cgi-bin/xlogin?appid=501038301&target=self&s_url=http://im.qq.com/loginSuccess.html"
1510327672003	Marionette	DEBUG	Received DOM event "pageshow" for "https://xui.ptlogin2.qq.com/cgi-bin/xlogin?appid=501038301&target=self&s_url=http://im.qq.com/loginSuccess.html"
1510327672348	Marionette	DEBUG	Canceled page load listener because no navigation has been detected
1510327673068	Marionette	DEBUG	Canceled page load listener because no navigation has been detected
1510327673255	Marionette	DEBUG	Received DOM event "beforeunload" for "https://xui.ptlogin2.qq.com/cgi-bin/xlogin?appid=501038301&target=self&s_url=http://im.qq.com/loginSuccess.html"
1510327673680	Marionette	DEBUG	Received DOM event "pagehide" for "https://xui.ptlogin2.qq.com/cgi-bin/xlogin?appid=501038301&target=self&s_url=http://im.qq.com/loginSuccess.html"
1510327673681	Marionette	DEBUG	Received DOM event "unload" for "https://xui.ptlogin2.qq.com/cgi-bin/xlogin?appid=501038301&target=self&s_url=http://im.qq.com/loginSuccess.html"
JavaScript error: http://im.qq.com/loginSuccess.html, line 2: TypeError: parent.$ is undefined
1510327673691	Marionette	DEBUG	Received DOM event "DOMContentLoaded" for "http://im.qq.com/loginSuccess.html"
1510327673693	Marionette	DEBUG	Received DOM event "pageshow" for "http://im.qq.com/loginSuccess.html"
1510327674546	Marionette	DEBUG	Received DOM event "beforeunload" for "http://im.qq.com/loginSuccess.html"
1510327674555	Marionette	DEBUG	Received DOM event "pagehide" for "http://im.qq.com/loginSuccess.html"
1510327674555	Marionette	DEBUG	Received DOM event "unload" for "http://im.qq.com/loginSuccess.html"
1510327674570	Marionette	DEBUG	Received DOM event "DOMContentLoaded" for "https://xui.ptlogin2.qq.com/cgi-bin/xlogin?appid=501038301&target=self&s_url=http://im.qq.com/loginSuccess.html"
1510327674672	Marionette	DEBUG	Received DOM event "pageshow" for "https://xui.ptlogin2.qq.com/cgi-bin/xlogin?appid=501038301&target=self&s_url=http://im.qq.com/loginSuccess.html"
1510327674932	Marionette	DEBUG	Canceled page load listener because no navigation has been detected
1510327675534	Marionette	DEBUG	Canceled page load listener because no navigation has been detected
1510327675780	Marionette	DEBUG	Canceled page load listener because no navigation has been detected
JavaScript error: http://im.qq.com/loginSuccess.html, line 2: TypeError: parent.$ is undefined
1510327676622	Marionette	DEBUG	Received DOM event "beforeunload" for "http://im.qq.com/loginSuccess.html"
1510327676629	Marionette	DEBUG	Received DOM event "pagehide" for "http://im.qq.com/loginSuccess.html"
1510327676629	Marionette	DEBUG	Received DOM event "unload" for "http://im.qq.com/loginSuccess.html"
1510327676646	Marionette	DEBUG	Received DOM event "DOMContentLoaded" for "https://xui.ptlogin2.qq.com/cgi-bin/xlogin?appid=501038301&target=self&s_url=http://im.qq.com/loginSuccess.html"
1510327676746	Marionette	DEBUG	Received DOM event "pageshow" for "https://xui.ptlogin2.qq.com/cgi-bin/xlogin?appid=501038301&target=self&s_url=http://im.qq.com/loginSuccess.html"
1510327677012	Marionette	DEBUG	Canceled page load listener because no navigation has been detected
1510327677660	Marionette	DEBUG	Canceled page load listener because no navigation has been detected
1510327677825	Marionette	DEBUG	Received DOM event "beforeunload" for "https://xui.ptlogin2.qq.com/cgi-bin/xlogin?appid=501038301&target=self&s_url=http://im.qq.com/loginSuccess.html"
1510327677904	Marionette	DEBUG	Received DOM event "pagehide" for "https://xui.ptlogin2.qq.com/cgi-bin/xlogin?appid=501038301&target=self&s_url=http://im.qq.com/loginSuccess.html"
1510327677905	Marionette	DEBUG	Received DOM event "unload" for "https://xui.ptlogin2.qq.com/cgi-bin/xlogin?appid=501038301&target=self&s_url=http://im.qq.com/loginSuccess.html"
JavaScript error: http://im.qq.com/loginSuccess.html, line 2: TypeError: parent.$ is undefined
1510327677912	Marionette	DEBUG	Received DOM event "DOMContentLoaded" for "http://im.qq.com/loginSuccess.html"
1510327677926	Marionette	DEBUG	Received DOM event "pageshow" for "http://im.qq.com/loginSuccess.html"
